Determining if the pthread_create exist failed with the following output:
Change Dir: /home/robond/workspace/Project1/build/CMakeFiles/CMakeTmp

Run Build Command:"/usr/bin/make" "cmTC_0275f/fast"
/usr/bin/make -f CMakeFiles/cmTC_0275f.dir/build.make CMakeFiles/cmTC_0275f.dir/build
make[1]: Entering directory '/home/robond/workspace/Project1/build/CMakeFiles/CMakeTmp'
Building C object CMakeFiles/cmTC_0275f.dir/CheckSymbolExists.c.o
/usr/bin/cc     -o CMakeFiles/cmTC_0275f.dir/CheckSymbolExists.c.o   -c /home/robond/workspace/Project1/build/CMakeFiles/CMakeTmp/CheckSymbolExists.c
Linking C executable cmTC_0275f
/usr/bin/cmake -E cmake_link_script CMakeFiles/cmTC_0275f.dir/link.txt --verbose=1
/usr/bin/cc       CMakeFiles/cmTC_0275f.dir/CheckSymbolExists.c.o  -o cmTC_0275f -rdynamic 
CMakeFiles/cmTC_0275f.dir/CheckSymbolExists.c.o: In function `main':
CheckSymbolExists.c:(.text+0x16): undefined reference to `pthread_create'
collect2: error: ld returned 1 exit status
CMakeFiles/cmTC_0275f.dir/build.make:97: recipe for target 'cmTC_0275f' failed
make[1]: *** [cmTC_0275f] Error 1
make[1]: Leaving directory '/home/robond/workspace/Project1/build/CMakeFiles/CMakeTmp'
Makefile:126: recipe for target 'cmTC_0275f/fast' failed
make: *** [cmTC_0275f/fast] Error 2

File /home/robond/workspace/Project1/build/CMakeFiles/CMakeTmp/CheckSymbolExists.c:
/* */
#include <pthread.h>

int main(int argc, char** argv)
{
  (void)argv;
#ifndef pthread_create
  return ((int*)(&pthread_create))[argc];
#else
  (void)argc;
  return 0;
#endif
}

Determining if the function pthread_create exists in the pthreads failed with the following output:
Change Dir: /home/robond/workspace/Project1/build/CMakeFiles/CMakeTmp

Run Build Command:"/usr/bin/make" "cmTC_9ac61/fast"
/usr/bin/make -f CMakeFiles/cmTC_9ac61.dir/build.make CMakeFiles/cmTC_9ac61.dir/build
make[1]: Entering directory '/home/robond/workspace/Project1/build/CMakeFiles/CMakeTmp'
Building C object CMakeFiles/cmTC_9ac61.dir/CheckFunctionExists.c.o
/usr/bin/cc    -DCHECK_FUNCTION_EXISTS=pthread_create   -o CMakeFiles/cmTC_9ac61.dir/CheckFunctionExists.c.o   -c /usr/share/cmake-3.5/Modules/CheckFunctionExists.c
Linking C executable cmTC_9ac61
/usr/bin/cmake -E cmake_link_script CMakeFiles/cmTC_9ac61.dir/link.txt --verbose=1
/usr/bin/cc   -DCHECK_FUNCTION_EXISTS=pthread_create    CMakeFiles/cmTC_9ac61.dir/CheckFunctionExists.c.o  -o cmTC_9ac61 -rdynamic -lpthreads 
/usr/bin/ld: cannot find -lpthreads
collect2: error: ld returned 1 exit status
CMakeFiles/cmTC_9ac61.dir/build.make:97: recipe for target 'cmTC_9ac61' failed
make[1]: *** [cmTC_9ac61] Error 1
make[1]: Leaving directory '/home/robond/workspace/Project1/build/CMakeFiles/CMakeTmp'
Makefile:126: recipe for target 'cmTC_9ac61/fast' failed
make: *** [cmTC_9ac61/fast] Error 2


Determining if the pthread_create exist failed with the following output:
Change Dir: /home/xuesen/udacity_robotics/Project1/build/CMakeFiles/CMakeTmp

Run Build Command:"/usr/bin/make" "cmTC_a63f8/fast"
/usr/bin/make -f CMakeFiles/cmTC_a63f8.dir/build.make CMakeFiles/cmTC_a63f8.dir/build
make[1]: Entering directory '/home/xuesen/udacity_robotics/Project1/build/CMakeFiles/CMakeTmp'
Building C object CMakeFiles/cmTC_a63f8.dir/CheckSymbolExists.c.o
/usr/bin/cc    -o CMakeFiles/cmTC_a63f8.dir/CheckSymbolExists.c.o   -c /home/xuesen/udacity_robotics/Project1/build/CMakeFiles/CMakeTmp/CheckSymbolExists.c
Linking C executable cmTC_a63f8
/usr/bin/cmake -E cmake_link_script CMakeFiles/cmTC_a63f8.dir/link.txt --verbose=1
/usr/bin/cc      -rdynamic CMakeFiles/cmTC_a63f8.dir/CheckSymbolExists.c.o  -o cmTC_a63f8 
CMakeFiles/cmTC_a63f8.dir/CheckSymbolExists.c.o: In function `main':
CheckSymbolExists.c:(.text+0x1b): undefined reference to `pthread_create'
collect2: error: ld returned 1 exit status
CMakeFiles/cmTC_a63f8.dir/build.make:97: recipe for target 'cmTC_a63f8' failed
make[1]: *** [cmTC_a63f8] Error 1
make[1]: Leaving directory '/home/xuesen/udacity_robotics/Project1/build/CMakeFiles/CMakeTmp'
Makefile:126: recipe for target 'cmTC_a63f8/fast' failed
make: *** [cmTC_a63f8/fast] Error 2

File /home/xuesen/udacity_robotics/Project1/build/CMakeFiles/CMakeTmp/CheckSymbolExists.c:
/* */
#include <pthread.h>

int main(int argc, char** argv)
{
  (void)argv;
#ifndef pthread_create
  return ((int*)(&pthread_create))[argc];
#else
  (void)argc;
  return 0;
#endif
}

Determining if the function pthread_create exists in the pthreads failed with the following output:
Change Dir: /home/xuesen/udacity_robotics/Project1/build/CMakeFiles/CMakeTmp

Run Build Command:"/usr/bin/make" "cmTC_97289/fast"
/usr/bin/make -f CMakeFiles/cmTC_97289.dir/build.make CMakeFiles/cmTC_97289.dir/build
make[1]: Entering directory '/home/xuesen/udacity_robotics/Project1/build/CMakeFiles/CMakeTmp'
Building C object CMakeFiles/cmTC_97289.dir/CheckFunctionExists.c.o
/usr/bin/cc   -DCHECK_FUNCTION_EXISTS=pthread_create   -o CMakeFiles/cmTC_97289.dir/CheckFunctionExists.c.o   -c /usr/share/cmake-3.10/Modules/CheckFunctionExists.c
Linking C executable cmTC_97289
/usr/bin/cmake -E cmake_link_script CMakeFiles/cmTC_97289.dir/link.txt --verbose=1
/usr/bin/cc  -DCHECK_FUNCTION_EXISTS=pthread_create    -rdynamic CMakeFiles/cmTC_97289.dir/CheckFunctionExists.c.o  -o cmTC_97289 -lpthreads 
/usr/bin/ld: cannot find -lpthreads
collect2: error: ld returned 1 exit status
CMakeFiles/cmTC_97289.dir/build.make:97: recipe for target 'cmTC_97289' failed
make[1]: *** [cmTC_97289] Error 1
make[1]: Leaving directory '/home/xuesen/udacity_robotics/Project1/build/CMakeFiles/CMakeTmp'
Makefile:126: recipe for target 'cmTC_97289/fast' failed
make: *** [cmTC_97289/fast] Error 2


